# JRE version: OpenJDK Runtime Environment Corretto-21.0.2.14.1 (21.0.2+14) (build 21.0.2+14-LTS)
# Java VM: OpenJDK 64-Bit Server VM Corretto-21.0.2.14.1 (21.0.2+14-LTS, mixed mode, sharing, tiered, compressed oops, compressed class ptrs, g1 gc, linux-amd64)
GC Precious Log:
 CardTable entry size: 512
 Card Set container configuration: InlinePtr #cards 4 size 8 Array Of Cards #cards 32 size 80 Howl #buckets 8 coarsen threshold 7372 Howl Bitmap #cards 1024 size 144 coarsen threshold 921 Card regions per heap region 1 cards per card region 8192
 CPUs: 12 total, 12 available
 Memory: 30950M
 Large Page Support: Disabled
 NUMA Support: Disabled
 Compressed Oops: Enabled (Zero based)
 Heap Region Size: 4M
 Heap Min Capacity: 8M
 Heap Initial Capacity: 484M
 Heap Max Capacity: 7740M
 Pre-touch: Disabled
 Parallel Workers: 10
 Concurrent Workers: 3
 Concurrent Refinement Workers: 10
 Periodic GC: Disabled
Heap:
 garbage-first heap   total 499712K, used 195465K [0x000000061c400000, 0x0000000800000000)
  region size 4096K, 13 young (53248K), 2 survivors (8192K)
 Metaspace       used 24039K, committed 24384K, reserved 1114112K
  class space    used 2075K, committed 2240K, reserved 1048576K
GC Heap History (10 events):
Event: 0.363 GC heap before
{Heap before GC invocations=0 (full 0):
 garbage-first heap   total 499712K, used 21533K [0x000000061c400000, 0x0000000800000000)
  region size 4096K, 6 young (24576K), 0 survivors (0K)
 Metaspace       used 7235K, committed 7488K, reserved 1114112K
  class space    used 664K, committed 768K, reserved 1048576K
}
Event: 0.365 GC heap after
{Heap after GC invocations=1 (full 0):
 garbage-first heap   total 499712K, used 11476K [0x000000061c400000, 0x0000000800000000)
  region size 4096K, 1 young (4096K), 1 survivors (4096K)
 Metaspace       used 7235K, committed 7488K, reserved 1114112K
  class space    used 664K, committed 768K, reserved 1048576K
}
Event: 0.587 GC heap before
{Heap before GC invocations=1 (full 0):
 garbage-first heap   total 499712K, used 52436K [0x000000061c400000, 0x0000000800000000)
  region size 4096K, 6 young (24576K), 1 survivors (4096K)
 Metaspace       used 11927K, committed 12096K, reserved 1114112K
  class space    used 1094K, committed 1152K, reserved 1048576K
}
Event: 0.589 GC heap after
{Heap after GC invocations=2 (full 0):
 garbage-first heap   total 499712K, used 16549K [0x000000061c400000, 0x0000000800000000)
  region size 4096K, 1 young (4096K), 1 survivors (4096K)
 Metaspace       used 11927K, committed 12096K, reserved 1114112K
  class space    used 1094K, committed 1152K, reserved 1048576K
}
Event: 0.659 GC heap before
{Heap before GC invocations=2 (full 0):
 garbage-first heap   total 499712K, used 61605K [0x000000061c400000, 0x0000000800000000)
  region size 4096K, 10 young (40960K), 1 survivors (4096K)
 Metaspace       used 12563K, committed 12800K, reserved 1114112K
  class space    used 1130K, committed 1216K, reserved 1048576K
}
Event: 0.660 GC heap after
{Heap after GC invocations=3 (full 0):
 garbage-first heap   total 499712K, used 25273K [0x000000061c400000, 0x0000000800000000)
  region size 4096K, 2 young (8192K), 2 survivors (8192K)
 Metaspace       used 12563K, committed 12800K, reserved 1114112K
  class space    used 1130K, committed 1216K, reserved 1048576K
}
Event: 1.241 GC heap before
{Heap before GC invocations=3 (full 0):
 garbage-first heap   total 499712K, used 185017K [0x000000061c400000, 0x0000000800000000)
  region size 4096K, 43 young (176128K), 2 survivors (8192K)
 Metaspace       used 21179K, committed 21504K, reserved 1114112K
  class space    used 1992K, committed 2176K, reserved 1048576K
}
Event: 1.262 GC heap after
{Heap after GC invocations=4 (full 0):
 garbage-first heap   total 499712K, used 143827K [0x000000061c400000, 0x0000000800000000)
  region size 4096K, 9 young (36864K), 9 survivors (36864K)
 Metaspace       used 21179K, committed 21504K, reserved 1114112K
  class space    used 1992K, committed 2176K, reserved 1048576K
}
Event: 1.472 GC heap before
{Heap before GC invocations=5 (full 0):
 garbage-first heap   total 499712K, used 201171K [0x000000061c400000, 0x0000000800000000)
  region size 4096K, 23 young (94208K), 9 survivors (36864K)
 Metaspace       used 22429K, committed 22720K, reserved 1114112K
  class space    used 2022K, committed 2176K, reserved 1048576K
}
Event: 1.478 GC heap after
{Heap after GC invocations=6 (full 0):
 garbage-first heap   total 499712K, used 154505K [0x000000061c400000, 0x0000000800000000)
  region size 4096K, 2 young (8192K), 2 survivors (8192K)
 Metaspace       used 22429K, committed 22720K, reserved 1114112K
  class space    used 2022K, committed 2176K, reserved 1048576K
}

